0 info it worked if it ends with ok
1 verbose cli [ '/usr/local/bin/node',
1 verbose cli   '/usr/local/bin/npm',
1 verbose cli   'run-script',
1 verbose cli   'deploy-parse' ]
2 info using npm@3.3.12
3 info using node@v5.4.1
4 verbose run-script [ 'predeploy-parse', 'deploy-parse', 'postdeploy-parse' ]
5 info lifecycle white-rabbit-web@0.0.1~predeploy-parse: white-rabbit-web@0.0.1
6 silly lifecycle white-rabbit-web@0.0.1~predeploy-parse: no script for predeploy-parse, continuing
7 info lifecycle white-rabbit-web@0.0.1~deploy-parse: white-rabbit-web@0.0.1
8 verbose lifecycle white-rabbit-web@0.0.1~deploy-parse: unsafe-perm in lifecycle true
9 verbose lifecycle white-rabbit-web@0.0.1~deploy-parse: PATH: /usr/local/lib/node_modules/npm/bin/node-gyp-bin:/Users/michaelbina/Dropbox/White Rabbit Apps Team Folder/dev/web/node_modules/.bin:/Users/michaelbina/.rvm/gems/ruby-2.2.1/bin:/Users/michaelbina/.rvm/gems/ruby-2.2.1@global/bin:/Users/michaelbina/.rvm/rubies/ruby-2.2.1/bin:/Users/michaelbina/.rvm/bin:/usr/local/bin:/usr/bin:/bin:/usr/sbin:/sbin
10 verbose lifecycle white-rabbit-web@0.0.1~deploy-parse: CWD: /Users/michaelbina/Dropbox/White Rabbit Apps Team Folder/dev/web
11 silly lifecycle white-rabbit-web@0.0.1~deploy-parse: Args: [ '-c', 'parse deploy' ]
12 silly lifecycle white-rabbit-web@0.0.1~deploy-parse: Returned: code: 1  signal: null
13 info lifecycle white-rabbit-web@0.0.1~deploy-parse: Failed to exec deploy-parse script
14 verbose stack Error: white-rabbit-web@0.0.1 deploy-parse: `parse deploy`
14 verbose stack Exit status 1
14 verbose stack     at EventEmitter.<anonymous> (/usr/local/lib/node_modules/npm/lib/utils/lifecycle.js:232:16)
14 verbose stack     at emitTwo (events.js:87:13)
14 verbose stack     at EventEmitter.emit (events.js:172:7)
14 verbose stack     at ChildProcess.<anonymous> (/usr/local/lib/node_modules/npm/lib/utils/spawn.js:24:14)
14 verbose stack     at emitTwo (events.js:87:13)
14 verbose stack     at ChildProcess.emit (events.js:172:7)
14 verbose stack     at maybeClose (internal/child_process.js:821:16)
14 verbose stack     at Process.ChildProcess._handle.onexit (internal/child_process.js:211:5)
15 verbose pkgid white-rabbit-web@0.0.1
16 verbose cwd /Users/michaelbina/Dropbox/White Rabbit Apps Team Folder/dev/web
17 error Darwin 15.5.0
18 error argv "/usr/local/bin/node" "/usr/local/bin/npm" "run-script" "deploy-parse"
19 error node v5.4.1
20 error npm  v3.3.12
21 error code ELIFECYCLE
22 error white-rabbit-web@0.0.1 deploy-parse: `parse deploy`
22 error Exit status 1
23 error Failed at the white-rabbit-web@0.0.1 deploy-parse script 'parse deploy'.
23 error Make sure you have the latest version of node.js and npm installed.
23 error If you do, this is most likely a problem with the white-rabbit-web package,
23 error not with npm itself.
23 error Tell the author that this fails on your system:
23 error     parse deploy
23 error You can get their info via:
23 error     npm owner ls white-rabbit-web
23 error There is likely additional logging output above.
24 verbose exit [ 1, true ]
